<?xml version='1.0' encoding='UTF-8'?>
<hotspot_log version='160 1' process='13080' time_ms='1458215924690'>
<vm_version>
<name>
Java HotSpot(TM) 64-Bit Server VM
</name>
<release>
21.0-b08-fastdebug
</release>
<info>
Java HotSpot(TM) 64-Bit Server VM (21.0-b08-fastdebug) for windows-amd64 JRE (1.7.0-ea-fastdebug-b138), built on Apr 14 2011 01:13:14 by &quot;java_re&quot; with unknown MS VC++:1600
</info>
</vm_version>
<vm_arguments>
<args>
-Dfile.encoding=UTF-8 
</args>
<command>
com.lmk.leetcode.Add_Digits_258
</command>
<launcher>
SUN_STANDARD
</launcher>
<properties>
java.vm.specification.name=Java Virtual Machine Specification
java.vm.version=21.0-b08-fastdebug
java.vm.name=Java HotSpot(TM) 64-Bit Server VM
java.vm.info=mixed mode, sharing
java.ext.dirs=C:\Program Files (x86)\Java\jdk1.7.0_debug\fastdebug\jre\lib\ext;C:\WINDOWS\Sun\Java\lib\ext
java.endorsed.dirs=C:\Program Files (x86)\Java\jdk1.7.0_debug\fastdebug\jre\lib\endorsed
sun.boot.library.path=C:\Program Files (x86)\Java\jdk1.7.0_debug\fastdebug\jre\bin
java.library.path=C:\Program Files (x86)\Java\jdk1.7.0_debug\fastdebug\bin;.;C:\WINDOWS\Sun\Java\bin;C:\WINDOWS\system32;C:\WINDOWS;C:/Program Files/Java/jre1.8.0_60/bin/server;C:/Program Files/Java/jre1.8.0_60/bin;C:/Program Files/Java/jre1.8.0_60/lib/amd64;C:\ProgramData\Oracle\Java\javapath;C:\Program Files (x86)\Common Files\NetSarang;C:\WINDOWS\system32;C:\WINDOWS;C:\WINDOWS\System32\Wbem;C:\WINDOWS\System32\WindowsPowerShell\v1.0\;C:\Program Files\Java\jdk1.7.0_76\bin;E:\Program Files (x86)\instantclient_12_1;E:\Program Files (x86)\VisualSVN Server\bin;E:\Program Files (x86)\Subversion\bin;E:\Program Files\TortoiseSVN\bin;E:\Program Files\TortoiseGit\bin;E:\Program Files (x86)\apache\apache-maven-3.3.9\bin;C:\Program Files (x86)\Calibre2\;E:\green\eclipse;
java.home=C:\Program Files (x86)\Java\jdk1.7.0_debug\fastdebug\jre
java.class.path=D:\code\practice\leetcode\bin
sun.boot.class.path=C:\Program Files (x86)\Java\jdk1.7.0_debug\fastdebug\jre\lib\resources.jar;C:\Program Files (x86)\Java\jdk1.7.0_debug\fastdebug\jre\lib\rt.jar;C:\Program Files (x86)\Java\jdk1.7.0_debug\fastdebug\jre\lib\sunrsasign.jar;C:\Program Files (x86)\Java\jdk1.7.0_debug\fastdebug\jre\lib\jsse.jar;C:\Program Files (x86)\Java\jdk1.7.0_debug\fastdebug\jre\lib\jce.jar;C:\Program Files (x86)\Java\jdk1.7.0_debug\fastdebug\jre\lib\charsets.jar;C:\Program Files (x86)\Java\jdk1.7.0_debug\fastdebug\jre\classes
java.vm.specification.vendor=Oracle Corporation
java.vm.specification.version=1.7
java.vm.vendor=Oracle Corporation
file.encoding=UTF-8
sun.java.command=com.lmk.leetcode.Add_Digits_258
sun.java.launcher=SUN_STANDARD
</properties>
</vm_arguments>
<tty>
<writer thread='13008'/>
C1 Runtime statistics:
 _resolve_invoke_virtual_cnt:     0
 _resolve_invoke_opt_virtual_cnt: 0
 _resolve_invoke_static_cnt:      0
 _handle_wrong_method_cnt:        0
 _ic_miss_cnt:                    0
 _generic_arraycopy_cnt:          0
 _primitive_arraycopy_cnt:        0
 _oop_arraycopy_cnt:              0
 _arraycopy_slowcase_cnt:         0
 _new_type_array_slowcase_cnt:    0
 _new_object_array_slowcase_cnt:  0
 _new_instance_slowcase_cnt:      0
 _new_multi_array_slowcase_cnt:   0
 _monitorenter_slowcase_cnt:      0
 _monitorexit_slowcase_cnt:       0
 _patch_code_slowcase_cnt:        0
 _throw_range_check_exception_count:            0:
 _throw_index_exception_count:                  0:
 _throw_div0_exception_count:                   0:
 _throw_null_pointer_exception_count:           0:
 _throw_class_cast_exception_count:             0:
 _throw_incompatible_class_change_error_count:  0:
 _throw_array_store_exception_count:            0:
 _throw_count:                                  0:

<statistics type='nmethod'>
Debug Data Chunks: 0, shared 0+0, non-SP&apos;s elided 0
PcDesc Statistics:  0 queries, -1.#J comparisons per query
  caches=0 queries=0/0, hits=0+0, tests=0+0, adds=0
</statistics>
<statistics type='opto'>
--- Compiler Statistics ---
Methods seen: 0  Methods parsed: 0  Nodes created: 0
Blocks parsed: 0  Blocks seen: 0
CCP: 0  constants found: 0
Total frameslots = 0, Max frameslots = 0
Nops added 0 bytes to total of 0 bytes
Peephole: peephole rules applied: 0
PhaseIdealLoop=0, sum _unique=0
</statistics>
<statistics type='SharedRuntime'>
    0 inline cache miss in compiled
    0 wrong method
    0 unresolved static call site
    0 unresolved virtual call site
    0 unresolved opt virtual call site
   64 slow partial subtype
   12 byte array copies
   12 short array copies
   12 int array copies
   12 long array copies
AdapterHandlerTable: empty 181 longest 3 total 130 average 1.160714
AdapterHandlerTable: lookups 4700 buckets 4904 equals 4572 hits 4570 compact 4570
</statistics>
<writer thread='12900'/>
<destroy_vm stamp='0.338'/>
<tty_done stamp='0.349'/>
</tty>
<hotspot_log_done stamp='0.349'/>
</hotspot_log>
